{"timestamp": "2026-07-08T03:18:34.697664+00:00", "level": "WARNING", "logger": "security", "message": "Security Event: Successful login for user analyst [SUCCESS]", "user": "analyst", "ip_address": "testclient", "event": "Successful login", "status": "SUCCESS"}
{"timestamp": "2026-07-08T03:18:35.208712+00:00", "level": "WARNING", "logger": "security", "message": "Security Event: Failed login attempt for user analyst [UNAUTHORIZED]", "user": "analyst", "ip_address": "testclient", "event": "Failed login attempt", "status": "UNAUTHORIZED"}
{"timestamp": "2026-07-08T03:18:35.724027+00:00", "level": "WARNING", "logger": "security", "message": "Security Event: Successful login for user analyst [SUCCESS]", "user": "analyst", "ip_address": "testclient", "event": "Successful login", "status": "SUCCESS"}
{"timestamp": "2026-07-08T03:18:35.731138+00:00", "level": "WARNING", "logger": "security", "message": "Security Event: Refreshed JWT tokens for user analyst [SUCCESS]", "user": "analyst", "ip_address": "testclient", "event": "Refreshed JWT tokens", "status": "SUCCESS"}
{"timestamp": "2026-07-08T03:18:36.253792+00:00", "level": "WARNING", "logger": "security", "message": "Security Event: Successful login for user user [SUCCESS]", "user": "user", "ip_address": "testclient", "event": "Successful login", "status": "SUCCESS"}
{"timestamp": "2026-07-08T03:18:36.261981+00:00", "level": "WARNING", "logger": "security", "message": "Security Event: Unauthorized access attempt to /predict (Required: ['Analyst', 'Admin'], Has: User) for user user [FORBIDDEN]", "user": "user", "ip_address": "testclient", "event": "Unauthorized access attempt to /predict (Required: ['Analyst', 'Admin'], Has: User)", "status": "FORBIDDEN"}
{"timestamp": "2026-07-08T03:18:36.769641+00:00", "level": "WARNING", "logger": "security", "message": "Security Event: Successful login for user analyst [SUCCESS]", "user": "analyst", "ip_address": "testclient", "event": "Successful login", "status": "SUCCESS"}
{"timestamp": "2026-07-08T03:18:37.296663+00:00", "level": "WARNING", "logger": "security", "message": "Security Event: Successful login for user analyst [SUCCESS]", "user": "analyst", "ip_address": "testclient", "event": "Successful login", "status": "SUCCESS"}
{"timestamp": "2026-07-08T03:18:37.824538+00:00", "level": "WARNING", "logger": "security", "message": "Security Event: Successful login for user analyst [SUCCESS]", "user": "analyst", "ip_address": "testclient", "event": "Successful login", "status": "SUCCESS"}
{"timestamp": "2026-07-08T08:00:07.867838+00:00", "level": "WARNING", "logger": "security", "message": "Security Event: Successful login for user analyst [SUCCESS]", "user": "analyst", "ip_address": "testclient", "event": "Successful login", "status": "SUCCESS"}
{"timestamp": "2026-07-08T08:00:08.390803+00:00", "level": "WARNING", "logger": "security", "message": "Security Event: Failed login attempt for user analyst [UNAUTHORIZED]", "user": "analyst", "ip_address": "testclient", "event": "Failed login attempt", "status": "UNAUTHORIZED"}
{"timestamp": "2026-07-08T08:00:08.918629+00:00", "level": "WARNING", "logger": "security", "message": "Security Event: Successful login for user analyst [SUCCESS]", "user": "analyst", "ip_address": "testclient", "event": "Successful login", "status": "SUCCESS"}
{"timestamp": "2026-07-08T08:00:08.928483+00:00", "level": "WARNING", "logger": "security", "message": "Security Event: Refreshed JWT tokens for user analyst [SUCCESS]", "user": "analyst", "ip_address": "testclient", "event": "Refreshed JWT tokens", "status": "SUCCESS"}
{"timestamp": "2026-07-08T08:00:09.464356+00:00", "level": "WARNING", "logger": "security", "message": "Security Event: Successful login for user user [SUCCESS]", "user": "user", "ip_address": "testclient", "event": "Successful login", "status": "SUCCESS"}
{"timestamp": "2026-07-08T08:00:09.475657+00:00", "level": "WARNING", "logger": "security", "message": "Security Event: Unauthorized access attempt to /predict (Required: ['Analyst', 'Admin'], Has: User) for user user [FORBIDDEN]", "user": "user", "ip_address": "testclient", "event": "Unauthorized access attempt to /predict (Required: ['Analyst', 'Admin'], Has: User)", "status": "FORBIDDEN"}
{"timestamp": "2026-07-08T08:00:09.994120+00:00", "level": "WARNING", "logger": "security", "message": "Security Event: Successful login for user analyst [SUCCESS]", "user": "analyst", "ip_address": "testclient", "event": "Successful login", "status": "SUCCESS"}
{"timestamp": "2026-07-08T08:00:10.534971+00:00", "level": "WARNING", "logger": "security", "message": "Security Event: Successful login for user analyst [SUCCESS]", "user": "analyst", "ip_address": "testclient", "event": "Successful login", "status": "SUCCESS"}
{"timestamp": "2026-07-08T08:00:11.086771+00:00", "level": "WARNING", "logger": "security", "message": "Security Event: Successful login for user analyst [SUCCESS]", "user": "analyst", "ip_address": "testclient", "event": "Successful login", "status": "SUCCESS"}
{"timestamp": "2026-07-08T08:06:10.116363+00:00", "level": "WARNING", "logger": "security", "message": "Security Event: Successful login for user analyst [SUCCESS]", "user": "analyst", "ip_address": "testclient", "event": "Successful login", "status": "SUCCESS"}
{"timestamp": "2026-07-08T08:06:10.633269+00:00", "level": "WARNING", "logger": "security", "message": "Security Event: Failed login attempt for user analyst [UNAUTHORIZED]", "user": "analyst", "ip_address": "testclient", "event": "Failed login attempt", "status": "UNAUTHORIZED"}
{"timestamp": "2026-07-08T08:06:11.160800+00:00", "level": "WARNING", "logger": "security", "message": "Security Event: Successful login for user analyst [SUCCESS]", "user": "analyst", "ip_address": "testclient", "event": "Successful login", "status": "SUCCESS"}
{"timestamp": "2026-07-08T08:06:11.169853+00:00", "level": "WARNING", "logger": "security", "message": "Security Event: Refreshed JWT tokens for user analyst [SUCCESS]", "user": "analyst", "ip_address": "testclient", "event": "Refreshed JWT tokens", "status": "SUCCESS"}
{"timestamp": "2026-07-08T08:06:11.699933+00:00", "level": "WARNING", "logger": "security", "message": "Security Event: Successful login for user user [SUCCESS]", "user": "user", "ip_address": "testclient", "event": "Successful login", "status": "SUCCESS"}
{"timestamp": "2026-07-08T08:06:11.706753+00:00", "level": "WARNING", "logger": "security", "message": "Security Event: Unauthorized inference attempt to /predict (Has: User) for user user [FORBIDDEN]", "user": "user", "ip_address": "testclient", "event": "Unauthorized inference attempt to /predict (Has: User)", "status": "FORBIDDEN"}
{"timestamp": "2026-07-08T08:06:12.219465+00:00", "level": "WARNING", "logger": "security", "message": "Security Event: Successful login for user analyst [SUCCESS]", "user": "analyst", "ip_address": "testclient", "event": "Successful login", "status": "SUCCESS"}
{"timestamp": "2026-07-08T08:06:12.756459+00:00", "level": "WARNING", "logger": "security", "message": "Security Event: Successful login for user analyst [SUCCESS]", "user": "analyst", "ip_address": "testclient", "event": "Successful login", "status": "SUCCESS"}
{"timestamp": "2026-07-08T08:06:13.307033+00:00", "level": "WARNING", "logger": "security", "message": "Security Event: Successful login for user analyst [SUCCESS]", "user": "analyst", "ip_address": "testclient", "event": "Successful login", "status": "SUCCESS"}
{"timestamp": "2026-07-08T08:06:13.343431+00:00", "level": "WARNING", "logger": "security", "message": "Security Event: Invalid API Key presented in multi-auth for user service-client [FAILED]", "user": "service-client", "ip_address": "testclient", "event": "Invalid API Key presented in multi-auth", "status": "FAILED"}
{"timestamp": "2026-07-08T08:15:01.701434+00:00", "level": "WARNING", "logger": "security", "message": "Security Event: Successful login for user analyst [SUCCESS]", "user": "analyst", "ip_address": "testclient", "event": "Successful login", "status": "SUCCESS"}
{"timestamp": "2026-07-08T08:15:02.225729+00:00", "level": "WARNING", "logger": "security", "message": "Security Event: Failed login attempt for user analyst [UNAUTHORIZED]", "user": "analyst", "ip_address": "testclient", "event": "Failed login attempt", "status": "UNAUTHORIZED"}
{"timestamp": "2026-07-08T08:15:02.751592+00:00", "level": "WARNING", "logger": "security", "message": "Security Event: Successful login for user analyst [SUCCESS]", "user": "analyst", "ip_address": "testclient", "event": "Successful login", "status": "SUCCESS"}
{"timestamp": "2026-07-08T08:15:02.760286+00:00", "level": "WARNING", "logger": "security", "message": "Security Event: Refreshed JWT tokens for user analyst [SUCCESS]", "user": "analyst", "ip_address": "testclient", "event": "Refreshed JWT tokens", "status": "SUCCESS"}
{"timestamp": "2026-07-08T08:15:03.291387+00:00", "level": "WARNING", "logger": "security", "message": "Security Event: Successful login for user user [SUCCESS]", "user": "user", "ip_address": "testclient", "event": "Successful login", "status": "SUCCESS"}
{"timestamp": "2026-07-08T08:15:03.298513+00:00", "level": "WARNING", "logger": "security", "message": "Security Event: Unauthorized inference attempt to /predict (Has: User) for user user [FORBIDDEN]", "user": "user", "ip_address": "testclient", "event": "Unauthorized inference attempt to /predict (Has: User)", "status": "FORBIDDEN"}
{"timestamp": "2026-07-08T08:15:03.818413+00:00", "level": "WARNING", "logger": "security", "message": "Security Event: Successful login for user analyst [SUCCESS]", "user": "analyst", "ip_address": "testclient", "event": "Successful login", "status": "SUCCESS"}
{"timestamp": "2026-07-08T08:15:04.596011+00:00", "level": "WARNING", "logger": "security", "message": "Security Event: Successful login for user analyst [SUCCESS]", "user": "analyst", "ip_address": "testclient", "event": "Successful login", "status": "SUCCESS"}
{"timestamp": "2026-07-08T08:15:05.134911+00:00", "level": "WARNING", "logger": "security", "message": "Security Event: Successful login for user analyst [SUCCESS]", "user": "analyst", "ip_address": "testclient", "event": "Successful login", "status": "SUCCESS"}
{"timestamp": "2026-07-08T08:15:05.181851+00:00", "level": "WARNING", "logger": "security", "message": "Security Event: Invalid API Key presented in multi-auth for user service-client [FAILED]", "user": "service-client", "ip_address": "testclient", "event": "Invalid API Key presented in multi-auth", "status": "FAILED"}
{"timestamp": "2026-07-08T08:15:39.854477+00:00", "level": "WARNING", "logger": "security", "message": "Security Event: Successful login for user analyst [SUCCESS]", "user": "analyst", "ip_address": "testclient", "event": "Successful login", "status": "SUCCESS"}
{"timestamp": "2026-07-08T08:15:40.371245+00:00", "level": "WARNING", "logger": "security", "message": "Security Event: Failed login attempt for user analyst [UNAUTHORIZED]", "user": "analyst", "ip_address": "testclient", "event": "Failed login attempt", "status": "UNAUTHORIZED"}
{"timestamp": "2026-07-08T08:15:40.904067+00:00", "level": "WARNING", "logger": "security", "message": "Security Event: Successful login for user analyst [SUCCESS]", "user": "analyst", "ip_address": "testclient", "event": "Successful login", "status": "SUCCESS"}
{"timestamp": "2026-07-08T08:15:40.914567+00:00", "level": "WARNING", "logger": "security", "message": "Security Event: Refreshed JWT tokens for user analyst [SUCCESS]", "user": "analyst", "ip_address": "testclient", "event": "Refreshed JWT tokens", "status": "SUCCESS"}
{"timestamp": "2026-07-08T08:15:41.464309+00:00", "level": "WARNING", "logger": "security", "message": "Security Event: Successful login for user user [SUCCESS]", "user": "user", "ip_address": "testclient", "event": "Successful login", "status": "SUCCESS"}
{"timestamp": "2026-07-08T08:15:41.470558+00:00", "level": "WARNING", "logger": "security", "message": "Security Event: Unauthorized inference attempt to /predict (Has: User) for user user [FORBIDDEN]", "user": "user", "ip_address": "testclient", "event": "Unauthorized inference attempt to /predict (Has: User)", "status": "FORBIDDEN"}
{"timestamp": "2026-07-08T08:15:42.019127+00:00", "level": "WARNING", "logger": "security", "message": "Security Event: Successful login for user analyst [SUCCESS]", "user": "analyst", "ip_address": "testclient", "event": "Successful login", "status": "SUCCESS"}
{"timestamp": "2026-07-08T08:15:42.597000+00:00", "level": "WARNING", "logger": "security", "message": "Security Event: Successful login for user analyst [SUCCESS]", "user": "analyst", "ip_address": "testclient", "event": "Successful login", "status": "SUCCESS"}
{"timestamp": "2026-07-08T08:15:43.127557+00:00", "level": "WARNING", "logger": "security", "message": "Security Event: Successful login for user analyst [SUCCESS]", "user": "analyst", "ip_address": "testclient", "event": "Successful login", "status": "SUCCESS"}
{"timestamp": "2026-07-08T08:15:43.212526+00:00", "level": "WARNING", "logger": "security", "message": "Security Event: Invalid API Key presented in multi-auth for user service-client [FAILED]", "user": "service-client", "ip_address": "testclient", "event": "Invalid API Key presented in multi-auth", "status": "FAILED"}
{"timestamp": "2026-07-08T08:27:31.488123+00:00", "level": "WARNING", "logger": "security", "message": "Security Event: Successful login for user analyst [SUCCESS]", "user": "analyst", "ip_address": "testclient", "event": "Successful login", "status": "SUCCESS"}
{"timestamp": "2026-07-08T08:27:32.007714+00:00", "level": "WARNING", "logger": "security", "message": "Security Event: Failed login attempt for user analyst [UNAUTHORIZED]", "user": "analyst", "ip_address": "testclient", "event": "Failed login attempt", "status": "UNAUTHORIZED"}
{"timestamp": "2026-07-08T08:27:32.541945+00:00", "level": "WARNING", "logger": "security", "message": "Security Event: Successful login for user analyst [SUCCESS]", "user": "analyst", "ip_address": "testclient", "event": "Successful login", "status": "SUCCESS"}
{"timestamp": "2026-07-08T08:27:32.550507+00:00", "level": "WARNING", "logger": "security", "message": "Security Event: Refreshed JWT tokens for user analyst [SUCCESS]", "user": "analyst", "ip_address": "testclient", "event": "Refreshed JWT tokens", "status": "SUCCESS"}
{"timestamp": "2026-07-08T08:27:33.087097+00:00", "level": "WARNING", "logger": "security", "message": "Security Event: Successful login for user user [SUCCESS]", "user": "user", "ip_address": "testclient", "event": "Successful login", "status": "SUCCESS"}
{"timestamp": "2026-07-08T08:27:33.093842+00:00", "level": "WARNING", "logger": "security", "message": "Security Event: Unauthorized inference attempt to /predict (Has: User) for user user [FORBIDDEN]", "user": "user", "ip_address": "testclient", "event": "Unauthorized inference attempt to /predict (Has: User)", "status": "FORBIDDEN"}
{"timestamp": "2026-07-08T08:27:33.616437+00:00", "level": "WARNING", "logger": "security", "message": "Security Event: Successful login for user analyst [SUCCESS]", "user": "analyst", "ip_address": "testclient", "event": "Successful login", "status": "SUCCESS"}
{"timestamp": "2026-07-08T08:27:34.167914+00:00", "level": "WARNING", "logger": "security", "message": "Security Event: Successful login for user analyst [SUCCESS]", "user": "analyst", "ip_address": "testclient", "event": "Successful login", "status": "SUCCESS"}
{"timestamp": "2026-07-08T08:27:34.740537+00:00", "level": "WARNING", "logger": "security", "message": "Security Event: Successful login for user analyst [SUCCESS]", "user": "analyst", "ip_address": "testclient", "event": "Successful login", "status": "SUCCESS"}
{"timestamp": "2026-07-08T08:27:34.787181+00:00", "level": "WARNING", "logger": "security", "message": "Security Event: Invalid API Key presented in multi-auth for user service-client [FAILED]", "user": "service-client", "ip_address": "testclient", "event": "Invalid API Key presented in multi-auth", "status": "FAILED"}
{"timestamp": "2026-07-08T08:38:42.824764+00:00", "level": "WARNING", "logger": "security", "message": "Security Event: Successful login for user analyst [SUCCESS]", "user": "analyst", "ip_address": "testclient", "event": "Successful login", "status": "SUCCESS"}
{"timestamp": "2026-07-08T08:38:43.342916+00:00", "level": "WARNING", "logger": "security", "message": "Security Event: Failed login attempt for user analyst [UNAUTHORIZED]", "user": "analyst", "ip_address": "testclient", "event": "Failed login attempt", "status": "UNAUTHORIZED"}
{"timestamp": "2026-07-08T08:38:43.863306+00:00", "level": "WARNING", "logger": "security", "message": "Security Event: Successful login for user analyst [SUCCESS]", "user": "analyst", "ip_address": "testclient", "event": "Successful login", "status": "SUCCESS"}
{"timestamp": "2026-07-08T08:38:43.952160+00:00", "level": "WARNING", "logger": "security", "message": "Security Event: Refreshed JWT tokens for user analyst [SUCCESS]", "user": "analyst", "ip_address": "testclient", "event": "Refreshed JWT tokens", "status": "SUCCESS"}
{"timestamp": "2026-07-08T08:38:44.558645+00:00", "level": "WARNING", "logger": "security", "message": "Security Event: Successful login for user user [SUCCESS]", "user": "user", "ip_address": "testclient", "event": "Successful login", "status": "SUCCESS"}
{"timestamp": "2026-07-08T08:38:44.565212+00:00", "level": "WARNING", "logger": "security", "message": "Security Event: Unauthorized inference attempt to /predict (Has: User) for user user [FORBIDDEN]", "user": "user", "ip_address": "testclient", "event": "Unauthorized inference attempt to /predict (Has: User)", "status": "FORBIDDEN"}
{"timestamp": "2026-07-08T08:38:45.080171+00:00", "level": "WARNING", "logger": "security", "message": "Security Event: Successful login for user analyst [SUCCESS]", "user": "analyst", "ip_address": "testclient", "event": "Successful login", "status": "SUCCESS"}
{"timestamp": "2026-07-08T08:38:45.624137+00:00", "level": "WARNING", "logger": "security", "message": "Security Event: Successful login for user analyst [SUCCESS]", "user": "analyst", "ip_address": "testclient", "event": "Successful login", "status": "SUCCESS"}
{"timestamp": "2026-07-08T08:38:46.163056+00:00", "level": "WARNING", "logger": "security", "message": "Security Event: Successful login for user analyst [SUCCESS]", "user": "analyst", "ip_address": "testclient", "event": "Successful login", "status": "SUCCESS"}
{"timestamp": "2026-07-08T08:38:46.197964+00:00", "level": "WARNING", "logger": "security", "message": "Security Event: Invalid API Key presented in multi-auth for user service-client [FAILED]", "user": "service-client", "ip_address": "testclient", "event": "Invalid API Key presented in multi-auth", "status": "FAILED"}
{"timestamp": "2026-07-08T08:39:14.149587+00:00", "level": "WARNING", "logger": "security", "message": "Security Event: Successful login for user analyst [SUCCESS]", "user": "analyst", "ip_address": "testclient", "event": "Successful login", "status": "SUCCESS"}
{"timestamp": "2026-07-08T08:39:14.683536+00:00", "level": "WARNING", "logger": "security", "message": "Security Event: Failed login attempt for user analyst [UNAUTHORIZED]", "user": "analyst", "ip_address": "testclient", "event": "Failed login attempt", "status": "UNAUTHORIZED"}
{"timestamp": "2026-07-08T08:39:15.285251+00:00", "level": "WARNING", "logger": "security", "message": "Security Event: Successful login for user analyst [SUCCESS]", "user": "analyst", "ip_address": "testclient", "event": "Successful login", "status": "SUCCESS"}
{"timestamp": "2026-07-08T08:39:15.292329+00:00", "level": "WARNING", "logger": "security", "message": "Security Event: Refreshed JWT tokens for user analyst [SUCCESS]", "user": "analyst", "ip_address": "testclient", "event": "Refreshed JWT tokens", "status": "SUCCESS"}
{"timestamp": "2026-07-08T08:39:15.829027+00:00", "level": "WARNING", "logger": "security", "message": "Security Event: Successful login for user user [SUCCESS]", "user": "user", "ip_address": "testclient", "event": "Successful login", "status": "SUCCESS"}
{"timestamp": "2026-07-08T08:39:15.844617+00:00", "level": "WARNING", "logger": "security", "message": "Security Event: Unauthorized inference attempt to /predict (Has: User) for user user [FORBIDDEN]", "user": "user", "ip_address": "testclient", "event": "Unauthorized inference attempt to /predict (Has: User)", "status": "FORBIDDEN"}
{"timestamp": "2026-07-08T08:39:16.374353+00:00", "level": "WARNING", "logger": "security", "message": "Security Event: Successful login for user analyst [SUCCESS]", "user": "analyst", "ip_address": "testclient", "event": "Successful login", "status": "SUCCESS"}
{"timestamp": "2026-07-08T08:39:16.918200+00:00", "level": "WARNING", "logger": "security", "message": "Security Event: Successful login for user analyst [SUCCESS]", "user": "analyst", "ip_address": "testclient", "event": "Successful login", "status": "SUCCESS"}
{"timestamp": "2026-07-08T08:39:17.456311+00:00", "level": "WARNING", "logger": "security", "message": "Security Event: Successful login for user analyst [SUCCESS]", "user": "analyst", "ip_address": "testclient", "event": "Successful login", "status": "SUCCESS"}
{"timestamp": "2026-07-08T08:39:17.487339+00:00", "level": "WARNING", "logger": "security", "message": "Security Event: Invalid API Key presented in multi-auth for user service-client [FAILED]", "user": "service-client", "ip_address": "testclient", "event": "Invalid API Key presented in multi-auth", "status": "FAILED"}
{"timestamp": "2026-07-08T23:34:19.079900+00:00", "level": "WARNING", "logger": "security", "message": "Security Event: Successful login for user analyst [SUCCESS]", "user": "analyst", "ip_address": "testclient", "event": "Successful login", "status": "SUCCESS"}
{"timestamp": "2026-07-08T23:34:19.108022+00:00", "level": "WARNING", "logger": "security", "message": "Security Event: Failed login attempt for user analyst [UNAUTHORIZED]", "user": "analyst", "ip_address": "testclient", "event": "Failed login attempt", "status": "UNAUTHORIZED"}
{"timestamp": "2026-07-08T23:34:19.162226+00:00", "level": "WARNING", "logger": "security", "message": "Security Event: Successful login for user analyst [SUCCESS]", "user": "analyst", "ip_address": "testclient", "event": "Successful login", "status": "SUCCESS"}
{"timestamp": "2026-07-08T23:34:19.170377+00:00", "level": "WARNING", "logger": "security", "message": "Security Event: Refreshed JWT tokens for user analyst [SUCCESS]", "user": "analyst", "ip_address": "testclient", "event": "Refreshed JWT tokens", "status": "SUCCESS"}
{"timestamp": "2026-07-08T23:34:19.205547+00:00", "level": "WARNING", "logger": "security", "message": "Security Event: Successful login for user user [SUCCESS]", "user": "user", "ip_address": "testclient", "event": "Successful login", "status": "SUCCESS"}
{"timestamp": "2026-07-08T23:34:19.212454+00:00", "level": "WARNING", "logger": "security", "message": "Security Event: Unauthorized inference attempt to /predict (Has: User) for user user [FORBIDDEN]", "user": "user", "ip_address": "testclient", "event": "Unauthorized inference attempt to /predict (Has: User)", "status": "FORBIDDEN"}
{"timestamp": "2026-07-08T23:34:19.237910+00:00", "level": "WARNING", "logger": "security", "message": "Security Event: Successful login for user analyst [SUCCESS]", "user": "analyst", "ip_address": "testclient", "event": "Successful login", "status": "SUCCESS"}
{"timestamp": "2026-07-08T23:34:19.280921+00:00", "level": "WARNING", "logger": "security", "message": "Security Event: Successful login for user analyst [SUCCESS]", "user": "analyst", "ip_address": "testclient", "event": "Successful login", "status": "SUCCESS"}
{"timestamp": "2026-07-08T23:34:19.327291+00:00", "level": "WARNING", "logger": "security", "message": "Security Event: Successful login for user analyst [SUCCESS]", "user": "analyst", "ip_address": "testclient", "event": "Successful login", "status": "SUCCESS"}
{"timestamp": "2026-07-08T23:34:19.372374+00:00", "level": "WARNING", "logger": "security", "message": "Security Event: Invalid API Key presented in multi-auth for user service-client [FAILED]", "user": "service-client", "ip_address": "testclient", "event": "Invalid API Key presented in multi-auth", "status": "FAILED"}
{"timestamp": "2026-07-08T23:34:43.934907+00:00", "level": "WARNING", "logger": "security", "message": "Security Event: Successful login for user analyst [SUCCESS]", "user": "analyst", "ip_address": "testclient", "event": "Successful login", "status": "SUCCESS"}
{"timestamp": "2026-07-08T23:34:43.963060+00:00", "level": "WARNING", "logger": "security", "message": "Security Event: Failed login attempt for user analyst [UNAUTHORIZED]", "user": "analyst", "ip_address": "testclient", "event": "Failed login attempt", "status": "UNAUTHORIZED"}
{"timestamp": "2026-07-08T23:34:44.000652+00:00", "level": "WARNING", "logger": "security", "message": "Security Event: Successful login for user analyst [SUCCESS]", "user": "analyst", "ip_address": "testclient", "event": "Successful login", "status": "SUCCESS"}
{"timestamp": "2026-07-08T23:34:44.009403+00:00", "level": "WARNING", "logger": "security", "message": "Security Event: Refreshed JWT tokens for user analyst [SUCCESS]", "user": "analyst", "ip_address": "testclient", "event": "Refreshed JWT tokens", "status": "SUCCESS"}
{"timestamp": "2026-07-08T23:34:44.051173+00:00", "level": "WARNING", "logger": "security", "message": "Security Event: Successful login for user user [SUCCESS]", "user": "user", "ip_address": "testclient", "event": "Successful login", "status": "SUCCESS"}
{"timestamp": "2026-07-08T23:34:44.060835+00:00", "level": "WARNING", "logger": "security", "message": "Security Event: Unauthorized inference attempt to /predict (Has: User) for user user [FORBIDDEN]", "user": "user", "ip_address": "testclient", "event": "Unauthorized inference attempt to /predict (Has: User)", "status": "FORBIDDEN"}
{"timestamp": "2026-07-08T23:34:44.085702+00:00", "level": "WARNING", "logger": "security", "message": "Security Event: Successful login for user analyst [SUCCESS]", "user": "analyst", "ip_address": "testclient", "event": "Successful login", "status": "SUCCESS"}
{"timestamp": "2026-07-08T23:34:44.121435+00:00", "level": "WARNING", "logger": "security", "message": "Security Event: Successful login for user analyst [SUCCESS]", "user": "analyst", "ip_address": "testclient", "event": "Successful login", "status": "SUCCESS"}
{"timestamp": "2026-07-08T23:34:44.177640+00:00", "level": "WARNING", "logger": "security", "message": "Security Event: Successful login for user analyst [SUCCESS]", "user": "analyst", "ip_address": "testclient", "event": "Successful login", "status": "SUCCESS"}
{"timestamp": "2026-07-08T23:34:44.217949+00:00", "level": "WARNING", "logger": "security", "message": "Security Event: Invalid API Key presented in multi-auth for user service-client [FAILED]", "user": "service-client", "ip_address": "testclient", "event": "Invalid API Key presented in multi-auth", "status": "FAILED"}
{"timestamp": "2026-07-08T23:39:23.580956+00:00", "level": "WARNING", "logger": "security", "message": "Security Event: Successful login for user analyst [SUCCESS]", "user": "analyst", "ip_address": "testclient", "event": "Successful login", "status": "SUCCESS"}
{"timestamp": "2026-07-08T23:39:23.596141+00:00", "level": "WARNING", "logger": "security", "message": "Security Event: Failed login attempt for user analyst [UNAUTHORIZED]", "user": "analyst", "ip_address": "testclient", "event": "Failed login attempt", "status": "UNAUTHORIZED"}
{"timestamp": "2026-07-08T23:39:23.618176+00:00", "level": "WARNING", "logger": "security", "message": "Security Event: Successful login for user analyst [SUCCESS]", "user": "analyst", "ip_address": "testclient", "event": "Successful login", "status": "SUCCESS"}
{"timestamp": "2026-07-08T23:39:23.623272+00:00", "level": "WARNING", "logger": "security", "message": "Security Event: Refreshed JWT tokens for user analyst [SUCCESS]", "user": "analyst", "ip_address": "testclient", "event": "Refreshed JWT tokens", "status": "SUCCESS"}
{"timestamp": "2026-07-08T23:39:23.649302+00:00", "level": "WARNING", "logger": "security", "message": "Security Event: Successful login for user user [SUCCESS]", "user": "user", "ip_address": "testclient", "event": "Successful login", "status": "SUCCESS"}
{"timestamp": "2026-07-08T23:39:23.654807+00:00", "level": "WARNING", "logger": "security", "message": "Security Event: Unauthorized inference attempt to /predict (Has: User) for user user [FORBIDDEN]", "user": "user", "ip_address": "testclient", "event": "Unauthorized inference attempt to /predict (Has: User)", "status": "FORBIDDEN"}
{"timestamp": "2026-07-08T23:39:23.669442+00:00", "level": "WARNING", "logger": "security", "message": "Security Event: Successful login for user analyst [SUCCESS]", "user": "analyst", "ip_address": "testclient", "event": "Successful login", "status": "SUCCESS"}
{"timestamp": "2026-07-08T23:39:23.691407+00:00", "level": "WARNING", "logger": "security", "message": "Security Event: Successful login for user analyst [SUCCESS]", "user": "analyst", "ip_address": "testclient", "event": "Successful login", "status": "SUCCESS"}
{"timestamp": "2026-07-08T23:39:23.723627+00:00", "level": "WARNING", "logger": "security", "message": "Security Event: Successful login for user analyst [SUCCESS]", "user": "analyst", "ip_address": "testclient", "event": "Successful login", "status": "SUCCESS"}
{"timestamp": "2026-07-08T23:39:23.736172+00:00", "level": "WARNING", "logger": "security", "message": "Security Event: Invalid API Key presented in multi-auth for user service-client [FAILED]", "user": "service-client", "ip_address": "testclient", "event": "Invalid API Key presented in multi-auth", "status": "FAILED"}
{"timestamp": "2026-07-08T23:39:23.988442+00:00", "level": "WARNING", "logger": "security", "message": "Security Event: Invalid API Key presented in multi-auth for user service-client [FAILED]", "user": "service-client", "ip_address": "testclient", "event": "Invalid API Key presented in multi-auth", "status": "FAILED"}
{"timestamp": "2026-07-08T23:39:23.993474+00:00", "level": "WARNING", "logger": "security", "message": "Security Event: Invalid API Key presented in multi-auth for user service-client [FAILED]", "user": "service-client", "ip_address": "testclient", "event": "Invalid API Key presented in multi-auth", "status": "FAILED"}
{"timestamp": "2026-07-08T23:39:24.006631+00:00", "level": "WARNING", "logger": "security", "message": "Security Event: Invalid API Key presented in multi-auth for user service-client [FAILED]", "user": "service-client", "ip_address": "testclient", "event": "Invalid API Key presented in multi-auth", "status": "FAILED"}
{"timestamp": "2026-07-08T23:40:35.196134+00:00", "level": "WARNING", "logger": "security", "message": "Security Event: Successful login for user analyst [SUCCESS]", "user": "analyst", "ip_address": "testclient", "event": "Successful login", "status": "SUCCESS"}
{"timestamp": "2026-07-08T23:40:35.210697+00:00", "level": "WARNING", "logger": "security", "message": "Security Event: Failed login attempt for user analyst [UNAUTHORIZED]", "user": "analyst", "ip_address": "testclient", "event": "Failed login attempt", "status": "UNAUTHORIZED"}
{"timestamp": "2026-07-08T23:40:35.231528+00:00", "level": "WARNING", "logger": "security", "message": "Security Event: Successful login for user analyst [SUCCESS]", "user": "analyst", "ip_address": "testclient", "event": "Successful login", "status": "SUCCESS"}
{"timestamp": "2026-07-08T23:40:35.236615+00:00", "level": "WARNING", "logger": "security", "message": "Security Event: Refreshed JWT tokens for user analyst [SUCCESS]", "user": "analyst", "ip_address": "testclient", "event": "Refreshed JWT tokens", "status": "SUCCESS"}
{"timestamp": "2026-07-08T23:40:35.261350+00:00", "level": "WARNING", "logger": "security", "message": "Security Event: Successful login for user user [SUCCESS]", "user": "user", "ip_address": "testclient", "event": "Successful login", "status": "SUCCESS"}
{"timestamp": "2026-07-08T23:40:35.266330+00:00", "level": "WARNING", "logger": "security", "message": "Security Event: Unauthorized inference attempt to /predict (Has: User) for user user [FORBIDDEN]", "user": "user", "ip_address": "testclient", "event": "Unauthorized inference attempt to /predict (Has: User)", "status": "FORBIDDEN"}
{"timestamp": "2026-07-08T23:40:35.287015+00:00", "level": "WARNING", "logger": "security", "message": "Security Event: Successful login for user analyst [SUCCESS]", "user": "analyst", "ip_address": "testclient", "event": "Successful login", "status": "SUCCESS"}
{"timestamp": "2026-07-08T23:40:35.308755+00:00", "level": "WARNING", "logger": "security", "message": "Security Event: Successful login for user analyst [SUCCESS]", "user": "analyst", "ip_address": "testclient", "event": "Successful login", "status": "SUCCESS"}
{"timestamp": "2026-07-08T23:40:35.335090+00:00", "level": "WARNING", "logger": "security", "message": "Security Event: Successful login for user analyst [SUCCESS]", "user": "analyst", "ip_address": "testclient", "event": "Successful login", "status": "SUCCESS"}
{"timestamp": "2026-07-08T23:40:35.356537+00:00", "level": "WARNING", "logger": "security", "message": "Security Event: Invalid API Key presented in multi-auth for user service-client [FAILED]", "user": "service-client", "ip_address": "testclient", "event": "Invalid API Key presented in multi-auth", "status": "FAILED"}
{"timestamp": "2026-07-08T23:48:04.880144+00:00", "level": "WARNING", "logger": "security", "message": "Security Event: Successful login for user analyst [SUCCESS]", "user": "analyst", "ip_address": "testclient", "event": "Successful login", "status": "SUCCESS"}
{"timestamp": "2026-07-08T23:48:04.894768+00:00", "level": "WARNING", "logger": "security", "message": "Security Event: Failed login attempt for user analyst [UNAUTHORIZED]", "user": "analyst", "ip_address": "testclient", "event": "Failed login attempt", "status": "UNAUTHORIZED"}
{"timestamp": "2026-07-08T23:48:04.916436+00:00", "level": "WARNING", "logger": "security", "message": "Security Event: Successful login for user analyst [SUCCESS]", "user": "analyst", "ip_address": "testclient", "event": "Successful login", "status": "SUCCESS"}
{"timestamp": "2026-07-08T23:48:04.921876+00:00", "level": "WARNING", "logger": "security", "message": "Security Event: Refreshed JWT tokens for user analyst [SUCCESS]", "user": "analyst", "ip_address": "testclient", "event": "Refreshed JWT tokens", "status": "SUCCESS"}
{"timestamp": "2026-07-08T23:48:04.946393+00:00", "level": "WARNING", "logger": "security", "message": "Security Event: Successful login for user user [SUCCESS]", "user": "user", "ip_address": "testclient", "event": "Successful login", "status": "SUCCESS"}
{"timestamp": "2026-07-08T23:48:04.951643+00:00", "level": "WARNING", "logger": "security", "message": "Security Event: Unauthorized inference attempt to /predict (Has: User) for user user [FORBIDDEN]", "user": "user", "ip_address": "testclient", "event": "Unauthorized inference attempt to /predict (Has: User)", "status": "FORBIDDEN"}
{"timestamp": "2026-07-08T23:48:04.965806+00:00", "level": "WARNING", "logger": "security", "message": "Security Event: Successful login for user analyst [SUCCESS]", "user": "analyst", "ip_address": "testclient", "event": "Successful login", "status": "SUCCESS"}
{"timestamp": "2026-07-08T23:48:04.989235+00:00", "level": "WARNING", "logger": "security", "message": "Security Event: Successful login for user analyst [SUCCESS]", "user": "analyst", "ip_address": "testclient", "event": "Successful login", "status": "SUCCESS"}
{"timestamp": "2026-07-08T23:48:05.023386+00:00", "level": "WARNING", "logger": "security", "message": "Security Event: Successful login for user analyst [SUCCESS]", "user": "analyst", "ip_address": "testclient", "event": "Successful login", "status": "SUCCESS"}
{"timestamp": "2026-07-08T23:48:05.071961+00:00", "level": "WARNING", "logger": "security", "message": "Security Event: Invalid API Key presented in multi-auth for user service-client [FAILED]", "user": "service-client", "ip_address": "testclient", "event": "Invalid API Key presented in multi-auth", "status": "FAILED"}
{"timestamp": "2026-07-09T00:13:51.230277+00:00", "level": "WARNING", "logger": "security", "message": "Security Event: Successful login for user analyst [SUCCESS]", "user": "analyst", "ip_address": "testclient", "event": "Successful login", "status": "SUCCESS"}
{"timestamp": "2026-07-09T00:13:51.246141+00:00", "level": "WARNING", "logger": "security", "message": "Security Event: Failed login attempt for user analyst [UNAUTHORIZED]", "user": "analyst", "ip_address": "testclient", "event": "Failed login attempt", "status": "UNAUTHORIZED"}
{"timestamp": "2026-07-09T00:13:51.266691+00:00", "level": "WARNING", "logger": "security", "message": "Security Event: Successful login for user analyst [SUCCESS]", "user": "analyst", "ip_address": "testclient", "event": "Successful login", "status": "SUCCESS"}
{"timestamp": "2026-07-09T00:13:51.271765+00:00", "level": "WARNING", "logger": "security", "message": "Security Event: Refreshed JWT tokens for user analyst [SUCCESS]", "user": "analyst", "ip_address": "testclient", "event": "Refreshed JWT tokens", "status": "SUCCESS"}
{"timestamp": "2026-07-09T00:13:51.300954+00:00", "level": "WARNING", "logger": "security", "message": "Security Event: Successful login for user user [SUCCESS]", "user": "user", "ip_address": "testclient", "event": "Successful login", "status": "SUCCESS"}
{"timestamp": "2026-07-09T00:13:51.305190+00:00", "level": "WARNING", "logger": "security", "message": "Security Event: Unauthorized inference attempt to /predict (Has: User) for user user [FORBIDDEN]", "user": "user", "ip_address": "testclient", "event": "Unauthorized inference attempt to /predict (Has: User)", "status": "FORBIDDEN"}
{"timestamp": "2026-07-09T00:13:51.320334+00:00", "level": "WARNING", "logger": "security", "message": "Security Event: Successful login for user analyst [SUCCESS]", "user": "analyst", "ip_address": "testclient", "event": "Successful login", "status": "SUCCESS"}
{"timestamp": "2026-07-09T00:13:51.341747+00:00", "level": "WARNING", "logger": "security", "message": "Security Event: Successful login for user analyst [SUCCESS]", "user": "analyst", "ip_address": "testclient", "event": "Successful login", "status": "SUCCESS"}
{"timestamp": "2026-07-09T00:13:51.369744+00:00", "level": "WARNING", "logger": "security", "message": "Security Event: Successful login for user analyst [SUCCESS]", "user": "analyst", "ip_address": "testclient", "event": "Successful login", "status": "SUCCESS"}
{"timestamp": "2026-07-09T00:13:51.390383+00:00", "level": "WARNING", "logger": "security", "message": "Security Event: Invalid API Key presented in multi-auth for user service-client [FAILED]", "user": "service-client", "ip_address": "testclient", "event": "Invalid API Key presented in multi-auth", "status": "FAILED"}
{"timestamp": "2026-07-09T00:31:45.393861+00:00", "level": "WARNING", "logger": "security", "message": "Security Event: Successful login for user analyst [SUCCESS]", "user": "analyst", "ip_address": "testclient", "event": "Successful login", "status": "SUCCESS"}
{"timestamp": "2026-07-09T00:31:45.418053+00:00", "level": "WARNING", "logger": "security", "message": "Security Event: Failed login attempt for user analyst [UNAUTHORIZED]", "user": "analyst", "ip_address": "testclient", "event": "Failed login attempt", "status": "UNAUTHORIZED"}
{"timestamp": "2026-07-09T00:31:45.456505+00:00", "level": "WARNING", "logger": "security", "message": "Security Event: Successful login for user analyst [SUCCESS]", "user": "analyst", "ip_address": "testclient", "event": "Successful login", "status": "SUCCESS"}
{"timestamp": "2026-07-09T00:31:45.463923+00:00", "level": "WARNING", "logger": "security", "message": "Security Event: Refreshed JWT tokens for user analyst [SUCCESS]", "user": "analyst", "ip_address": "testclient", "event": "Refreshed JWT tokens", "status": "SUCCESS"}
{"timestamp": "2026-07-09T00:31:45.508076+00:00", "level": "WARNING", "logger": "security", "message": "Security Event: Successful login for user user [SUCCESS]", "user": "user", "ip_address": "testclient", "event": "Successful login", "status": "SUCCESS"}
{"timestamp": "2026-07-09T00:31:45.515710+00:00", "level": "WARNING", "logger": "security", "message": "Security Event: Unauthorized inference attempt to /predict (Has: User) for user user [FORBIDDEN]", "user": "user", "ip_address": "testclient", "event": "Unauthorized inference attempt to /predict (Has: User)", "status": "FORBIDDEN"}
{"timestamp": "2026-07-09T00:31:45.537819+00:00", "level": "WARNING", "logger": "security", "message": "Security Event: Successful login for user analyst [SUCCESS]", "user": "analyst", "ip_address": "testclient", "event": "Successful login", "status": "SUCCESS"}
{"timestamp": "2026-07-09T00:31:45.568603+00:00", "level": "WARNING", "logger": "security", "message": "Security Event: Successful login for user analyst [SUCCESS]", "user": "analyst", "ip_address": "testclient", "event": "Successful login", "status": "SUCCESS"}
{"timestamp": "2026-07-09T00:31:46.137312+00:00", "level": "WARNING", "logger": "security", "message": "Security Event: Successful login for user analyst [SUCCESS]", "user": "analyst", "ip_address": "testclient", "event": "Successful login", "status": "SUCCESS"}
{"timestamp": "2026-07-09T00:31:46.163386+00:00", "level": "WARNING", "logger": "security", "message": "Security Event: Invalid API Key presented in multi-auth for user service-client [FAILED]", "user": "service-client", "ip_address": "testclient", "event": "Invalid API Key presented in multi-auth", "status": "FAILED"}
{"timestamp": "2026-07-09T00:32:16.882885+00:00", "level": "WARNING", "logger": "security", "message": "Security Event: Successful login for user analyst [SUCCESS]", "user": "analyst", "ip_address": "testclient", "event": "Successful login", "status": "SUCCESS"}
{"timestamp": "2026-07-09T00:32:16.898586+00:00", "level": "WARNING", "logger": "security", "message": "Security Event: Failed login attempt for user analyst [UNAUTHORIZED]", "user": "analyst", "ip_address": "testclient", "event": "Failed login attempt", "status": "UNAUTHORIZED"}
{"timestamp": "2026-07-09T00:32:16.918715+00:00", "level": "WARNING", "logger": "security", "message": "Security Event: Successful login for user analyst [SUCCESS]", "user": "analyst", "ip_address": "testclient", "event": "Successful login", "status": "SUCCESS"}
{"timestamp": "2026-07-09T00:32:16.923984+00:00", "level": "WARNING", "logger": "security", "message": "Security Event: Refreshed JWT tokens for user analyst [SUCCESS]", "user": "analyst", "ip_address": "testclient", "event": "Refreshed JWT tokens", "status": "SUCCESS"}
{"timestamp": "2026-07-09T00:32:16.948458+00:00", "level": "WARNING", "logger": "security", "message": "Security Event: Successful login for user user [SUCCESS]", "user": "user", "ip_address": "testclient", "event": "Successful login", "status": "SUCCESS"}
{"timestamp": "2026-07-09T00:32:16.952917+00:00", "level": "WARNING", "logger": "security", "message": "Security Event: Unauthorized inference attempt to /predict (Has: User) for user user [FORBIDDEN]", "user": "user", "ip_address": "testclient", "event": "Unauthorized inference attempt to /predict (Has: User)", "status": "FORBIDDEN"}
{"timestamp": "2026-07-09T00:32:16.998412+00:00", "level": "WARNING", "logger": "security", "message": "Security Event: Successful login for user analyst [SUCCESS]", "user": "analyst", "ip_address": "testclient", "event": "Successful login", "status": "SUCCESS"}
{"timestamp": "2026-07-09T00:32:17.020357+00:00", "level": "WARNING", "logger": "security", "message": "Security Event: Successful login for user analyst [SUCCESS]", "user": "analyst", "ip_address": "testclient", "event": "Successful login", "status": "SUCCESS"}
{"timestamp": "2026-07-09T00:32:17.058986+00:00", "level": "WARNING", "logger": "security", "message": "Security Event: Successful login for user analyst [SUCCESS]", "user": "analyst", "ip_address": "testclient", "event": "Successful login", "status": "SUCCESS"}
{"timestamp": "2026-07-09T00:32:17.089618+00:00", "level": "WARNING", "logger": "security", "message": "Security Event: Invalid API Key presented in multi-auth for user service-client [FAILED]", "user": "service-client", "ip_address": "testclient", "event": "Invalid API Key presented in multi-auth", "status": "FAILED"}
{"timestamp": "2026-07-09T00:53:33.634367+00:00", "level": "WARNING", "logger": "security", "message": "Security Event: Successful login for user analyst [SUCCESS]", "user": "analyst", "ip_address": "testclient", "event": "Successful login", "status": "SUCCESS"}
{"timestamp": "2026-07-09T00:53:33.650764+00:00", "level": "WARNING", "logger": "security", "message": "Security Event: Failed login attempt for user analyst [UNAUTHORIZED]", "user": "analyst", "ip_address": "testclient", "event": "Failed login attempt", "status": "UNAUTHORIZED"}
{"timestamp": "2026-07-09T00:53:33.671808+00:00", "level": "WARNING", "logger": "security", "message": "Security Event: Successful login for user analyst [SUCCESS]", "user": "analyst", "ip_address": "testclient", "event": "Successful login", "status": "SUCCESS"}
{"timestamp": "2026-07-09T00:53:33.676778+00:00", "level": "WARNING", "logger": "security", "message": "Security Event: Refreshed JWT tokens for user analyst [SUCCESS]", "user": "analyst", "ip_address": "testclient", "event": "Refreshed JWT tokens", "status": "SUCCESS"}
{"timestamp": "2026-07-09T00:53:33.701015+00:00", "level": "WARNING", "logger": "security", "message": "Security Event: Successful login for user user [SUCCESS]", "user": "user", "ip_address": "testclient", "event": "Successful login", "status": "SUCCESS"}
{"timestamp": "2026-07-09T00:53:33.705891+00:00", "level": "WARNING", "logger": "security", "message": "Security Event: Unauthorized inference attempt to /predict (Has: User) for user user [FORBIDDEN]", "user": "user", "ip_address": "testclient", "event": "Unauthorized inference attempt to /predict (Has: User)", "status": "FORBIDDEN"}
{"timestamp": "2026-07-09T00:53:33.720512+00:00", "level": "WARNING", "logger": "security", "message": "Security Event: Successful login for user analyst [SUCCESS]", "user": "analyst", "ip_address": "testclient", "event": "Successful login", "status": "SUCCESS"}
{"timestamp": "2026-07-09T00:53:33.741589+00:00", "level": "WARNING", "logger": "security", "message": "Security Event: Successful login for user analyst [SUCCESS]", "user": "analyst", "ip_address": "testclient", "event": "Successful login", "status": "SUCCESS"}
{"timestamp": "2026-07-09T00:53:33.768803+00:00", "level": "WARNING", "logger": "security", "message": "Security Event: Successful login for user analyst [SUCCESS]", "user": "analyst", "ip_address": "testclient", "event": "Successful login", "status": "SUCCESS"}
{"timestamp": "2026-07-09T00:53:33.790546+00:00", "level": "WARNING", "logger": "security", "message": "Security Event: Invalid API Key presented in multi-auth for user service-client [FAILED]", "user": "service-client", "ip_address": "testclient", "event": "Invalid API Key presented in multi-auth", "status": "FAILED"}
{"timestamp": "2026-07-09T00:56:57.642532+00:00", "level": "WARNING", "logger": "security", "message": "Security Event: Successful login for user analyst [SUCCESS]", "user": "analyst", "ip_address": "testclient", "event": "Successful login", "status": "SUCCESS"}
{"timestamp": "2026-07-09T00:56:57.657861+00:00", "level": "WARNING", "logger": "security", "message": "Security Event: Failed login attempt for user analyst [UNAUTHORIZED]", "user": "analyst", "ip_address": "testclient", "event": "Failed login attempt", "status": "UNAUTHORIZED"}
{"timestamp": "2026-07-09T00:56:57.678547+00:00", "level": "WARNING", "logger": "security", "message": "Security Event: Successful login for user analyst [SUCCESS]", "user": "analyst", "ip_address": "testclient", "event": "Successful login", "status": "SUCCESS"}
{"timestamp": "2026-07-09T00:56:57.682917+00:00", "level": "WARNING", "logger": "security", "message": "Security Event: Refreshed JWT tokens for user analyst [SUCCESS]", "user": "analyst", "ip_address": "testclient", "event": "Refreshed JWT tokens", "status": "SUCCESS"}
{"timestamp": "2026-07-09T00:56:57.706636+00:00", "level": "WARNING", "logger": "security", "message": "Security Event: Successful login for user user [SUCCESS]", "user": "user", "ip_address": "testclient", "event": "Successful login", "status": "SUCCESS"}
{"timestamp": "2026-07-09T00:56:57.711354+00:00", "level": "WARNING", "logger": "security", "message": "Security Event: Unauthorized inference attempt to /predict (Has: User) for user user [FORBIDDEN]", "user": "user", "ip_address": "testclient", "event": "Unauthorized inference attempt to /predict (Has: User)", "status": "FORBIDDEN"}
{"timestamp": "2026-07-09T00:56:57.725644+00:00", "level": "WARNING", "logger": "security", "message": "Security Event: Successful login for user analyst [SUCCESS]", "user": "analyst", "ip_address": "testclient", "event": "Successful login", "status": "SUCCESS"}
{"timestamp": "2026-07-09T00:56:57.747232+00:00", "level": "WARNING", "logger": "security", "message": "Security Event: Successful login for user analyst [SUCCESS]", "user": "analyst", "ip_address": "testclient", "event": "Successful login", "status": "SUCCESS"}
{"timestamp": "2026-07-09T00:56:57.773540+00:00", "level": "WARNING", "logger": "security", "message": "Security Event: Successful login for user analyst [SUCCESS]", "user": "analyst", "ip_address": "testclient", "event": "Successful login", "status": "SUCCESS"}
{"timestamp": "2026-07-09T00:56:57.792296+00:00", "level": "WARNING", "logger": "security", "message": "Security Event: Invalid API Key presented in multi-auth for user service-client [FAILED]", "user": "service-client", "ip_address": "testclient", "event": "Invalid API Key presented in multi-auth", "status": "FAILED"}
{"timestamp": "2026-07-10T12:07:45.601645+00:00", "level": "WARNING", "logger": "security", "message": "Security Event: Successful login for user analyst [SUCCESS]", "user": "analyst", "ip_address": "testclient", "event": "Successful login", "status": "SUCCESS"}
{"timestamp": "2026-07-10T12:07:45.618398+00:00", "level": "WARNING", "logger": "security", "message": "Security Event: Failed login attempt for user analyst [UNAUTHORIZED]", "user": "analyst", "ip_address": "testclient", "event": "Failed login attempt", "status": "UNAUTHORIZED"}
{"timestamp": "2026-07-10T12:07:45.638872+00:00", "level": "WARNING", "logger": "security", "message": "Security Event: Successful login for user analyst [SUCCESS]", "user": "analyst", "ip_address": "testclient", "event": "Successful login", "status": "SUCCESS"}
{"timestamp": "2026-07-10T12:07:45.643210+00:00", "level": "WARNING", "logger": "security", "message": "Security Event: Refreshed JWT tokens for user analyst [SUCCESS]", "user": "analyst", "ip_address": "testclient", "event": "Refreshed JWT tokens", "status": "SUCCESS"}
{"timestamp": "2026-07-10T12:07:45.666882+00:00", "level": "WARNING", "logger": "security", "message": "Security Event: Successful login for user user [SUCCESS]", "user": "user", "ip_address": "testclient", "event": "Successful login", "status": "SUCCESS"}
{"timestamp": "2026-07-10T12:07:45.670862+00:00", "level": "WARNING", "logger": "security", "message": "Security Event: Unauthorized inference attempt to /predict (Has: User) for user user [FORBIDDEN]", "user": "user", "ip_address": "testclient", "event": "Unauthorized inference attempt to /predict (Has: User)", "status": "FORBIDDEN"}
{"timestamp": "2026-07-10T12:07:45.685355+00:00", "level": "WARNING", "logger": "security", "message": "Security Event: Successful login for user analyst [SUCCESS]", "user": "analyst", "ip_address": "testclient", "event": "Successful login", "status": "SUCCESS"}
{"timestamp": "2026-07-10T12:07:46.133474+00:00", "level": "WARNING", "logger": "security", "message": "Security Event: Successful login for user analyst [SUCCESS]", "user": "analyst", "ip_address": "testclient", "event": "Successful login", "status": "SUCCESS"}
{"timestamp": "2026-07-10T12:07:46.380871+00:00", "level": "WARNING", "logger": "security", "message": "Security Event: Successful login for user analyst [SUCCESS]", "user": "analyst", "ip_address": "testclient", "event": "Successful login", "status": "SUCCESS"}
{"timestamp": "2026-07-10T12:07:46.877298+00:00", "level": "WARNING", "logger": "security", "message": "Security Event: Invalid API Key presented in multi-auth for user service-client [FAILED]", "user": "service-client", "ip_address": "testclient", "event": "Invalid API Key presented in multi-auth", "status": "FAILED"}
{"timestamp": "2026-07-10T12:08:37.374805+00:00", "level": "WARNING", "logger": "security", "message": "Security Event: Successful login for user analyst [SUCCESS]", "user": "analyst", "ip_address": "testclient", "event": "Successful login", "status": "SUCCESS"}
{"timestamp": "2026-07-10T12:08:37.397084+00:00", "level": "WARNING", "logger": "security", "message": "Security Event: Failed login attempt for user analyst [UNAUTHORIZED]", "user": "analyst", "ip_address": "testclient", "event": "Failed login attempt", "status": "UNAUTHORIZED"}
{"timestamp": "2026-07-10T12:08:37.432838+00:00", "level": "WARNING", "logger": "security", "message": "Security Event: Successful login for user analyst [SUCCESS]", "user": "analyst", "ip_address": "testclient", "event": "Successful login", "status": "SUCCESS"}
{"timestamp": "2026-07-10T12:08:37.439259+00:00", "level": "WARNING", "logger": "security", "message": "Security Event: Refreshed JWT tokens for user analyst [SUCCESS]", "user": "analyst", "ip_address": "testclient", "event": "Refreshed JWT tokens", "status": "SUCCESS"}
{"timestamp": "2026-07-10T12:08:37.476547+00:00", "level": "WARNING", "logger": "security", "message": "Security Event: Successful login for user user [SUCCESS]", "user": "user", "ip_address": "testclient", "event": "Successful login", "status": "SUCCESS"}
{"timestamp": "2026-07-10T12:08:37.483437+00:00", "level": "WARNING", "logger": "security", "message": "Security Event: Unauthorized inference attempt to /predict (Has: User) for user user [FORBIDDEN]", "user": "user", "ip_address": "testclient", "event": "Unauthorized inference attempt to /predict (Has: User)", "status": "FORBIDDEN"}
{"timestamp": "2026-07-10T12:08:37.507188+00:00", "level": "WARNING", "logger": "security", "message": "Security Event: Successful login for user analyst [SUCCESS]", "user": "analyst", "ip_address": "testclient", "event": "Successful login", "status": "SUCCESS"}
{"timestamp": "2026-07-10T12:08:37.540118+00:00", "level": "WARNING", "logger": "security", "message": "Security Event: Successful login for user analyst [SUCCESS]", "user": "analyst", "ip_address": "testclient", "event": "Successful login", "status": "SUCCESS"}
{"timestamp": "2026-07-10T12:08:37.578927+00:00", "level": "WARNING", "logger": "security", "message": "Security Event: Successful login for user analyst [SUCCESS]", "user": "analyst", "ip_address": "testclient", "event": "Successful login", "status": "SUCCESS"}
{"timestamp": "2026-07-10T12:08:37.608645+00:00", "level": "WARNING", "logger": "security", "message": "Security Event: Invalid API Key presented in multi-auth for user service-client [FAILED]", "user": "service-client", "ip_address": "testclient", "event": "Invalid API Key presented in multi-auth", "status": "FAILED"}
{"timestamp": "2026-07-10T12:12:07.599173+00:00", "level": "WARNING", "logger": "security", "message": "Security Event: Successful login for user analyst [SUCCESS]", "user": "analyst", "ip_address": "testclient", "event": "Successful login", "status": "SUCCESS"}
{"timestamp": "2026-07-10T12:12:07.615054+00:00", "level": "WARNING", "logger": "security", "message": "Security Event: Failed login attempt for user analyst [UNAUTHORIZED]", "user": "analyst", "ip_address": "testclient", "event": "Failed login attempt", "status": "UNAUTHORIZED"}
{"timestamp": "2026-07-10T12:12:07.641384+00:00", "level": "WARNING", "logger": "security", "message": "Security Event: Successful login for user analyst [SUCCESS]", "user": "analyst", "ip_address": "testclient", "event": "Successful login", "status": "SUCCESS"}
{"timestamp": "2026-07-10T12:12:07.647130+00:00", "level": "WARNING", "logger": "security", "message": "Security Event: Refreshed JWT tokens for user analyst [SUCCESS]", "user": "analyst", "ip_address": "testclient", "event": "Refreshed JWT tokens", "status": "SUCCESS"}
{"timestamp": "2026-07-10T12:12:07.679777+00:00", "level": "WARNING", "logger": "security", "message": "Security Event: Successful login for user user [SUCCESS]", "user": "user", "ip_address": "testclient", "event": "Successful login", "status": "SUCCESS"}
{"timestamp": "2026-07-10T12:12:07.704380+00:00", "level": "WARNING", "logger": "security", "message": "Security Event: Successful login for user analyst [SUCCESS]", "user": "analyst", "ip_address": "testclient", "event": "Successful login", "status": "SUCCESS"}
{"timestamp": "2026-07-10T12:12:07.737048+00:00", "level": "WARNING", "logger": "security", "message": "Security Event: Successful login for user analyst [SUCCESS]", "user": "analyst", "ip_address": "testclient", "event": "Successful login", "status": "SUCCESS"}
{"timestamp": "2026-07-10T12:12:07.781855+00:00", "level": "WARNING", "logger": "security", "message": "Security Event: Successful login for user analyst [SUCCESS]", "user": "analyst", "ip_address": "testclient", "event": "Successful login", "status": "SUCCESS"}
{"timestamp": "2026-07-10T12:12:32.857940+00:00", "level": "WARNING", "logger": "security", "message": "Security Event: Successful login for user analyst [SUCCESS]", "user": "analyst", "ip_address": "testclient", "event": "Successful login", "status": "SUCCESS"}
{"timestamp": "2026-07-10T12:12:32.873702+00:00", "level": "WARNING", "logger": "security", "message": "Security Event: Failed login attempt for user analyst [UNAUTHORIZED]", "user": "analyst", "ip_address": "testclient", "event": "Failed login attempt", "status": "UNAUTHORIZED"}
{"timestamp": "2026-07-10T12:12:32.892790+00:00", "level": "WARNING", "logger": "security", "message": "Security Event: Successful login for user analyst [SUCCESS]", "user": "analyst", "ip_address": "testclient", "event": "Successful login", "status": "SUCCESS"}
{"timestamp": "2026-07-10T12:12:32.897100+00:00", "level": "WARNING", "logger": "security", "message": "Security Event: Refreshed JWT tokens for user analyst [SUCCESS]", "user": "analyst", "ip_address": "testclient", "event": "Refreshed JWT tokens", "status": "SUCCESS"}
{"timestamp": "2026-07-10T12:12:32.920592+00:00", "level": "WARNING", "logger": "security", "message": "Security Event: Successful login for user user [SUCCESS]", "user": "user", "ip_address": "testclient", "event": "Successful login", "status": "SUCCESS"}
{"timestamp": "2026-07-10T12:12:32.939671+00:00", "level": "WARNING", "logger": "security", "message": "Security Event: Successful login for user analyst [SUCCESS]", "user": "analyst", "ip_address": "testclient", "event": "Successful login", "status": "SUCCESS"}
{"timestamp": "2026-07-10T12:12:33.343765+00:00", "level": "WARNING", "logger": "security", "message": "Security Event: Successful login for user analyst [SUCCESS]", "user": "analyst", "ip_address": "testclient", "event": "Successful login", "status": "SUCCESS"}
{"timestamp": "2026-07-10T12:12:33.383401+00:00", "level": "WARNING", "logger": "security", "message": "Security Event: Successful login for user analyst [SUCCESS]", "user": "analyst", "ip_address": "testclient", "event": "Successful login", "status": "SUCCESS"}
{"timestamp": "2026-07-10T12:12:54.454414+00:00", "level": "WARNING", "logger": "security", "message": "Security Event: Successful login for user analyst [SUCCESS]", "user": "analyst", "ip_address": "testclient", "event": "Successful login", "status": "SUCCESS"}
{"timestamp": "2026-07-10T12:12:54.472056+00:00", "level": "WARNING", "logger": "security", "message": "Security Event: Failed login attempt for user analyst [UNAUTHORIZED]", "user": "analyst", "ip_address": "testclient", "event": "Failed login attempt", "status": "UNAUTHORIZED"}
{"timestamp": "2026-07-10T12:12:54.490441+00:00", "level": "WARNING", "logger": "security", "message": "Security Event: Successful login for user analyst [SUCCESS]", "user": "analyst", "ip_address": "testclient", "event": "Successful login", "status": "SUCCESS"}
{"timestamp": "2026-07-10T12:12:54.494317+00:00", "level": "WARNING", "logger": "security", "message": "Security Event: Refreshed JWT tokens for user analyst [SUCCESS]", "user": "analyst", "ip_address": "testclient", "event": "Refreshed JWT tokens", "status": "SUCCESS"}
{"timestamp": "2026-07-10T12:12:54.517696+00:00", "level": "WARNING", "logger": "security", "message": "Security Event: Successful login for user user [SUCCESS]", "user": "user", "ip_address": "testclient", "event": "Successful login", "status": "SUCCESS"}
{"timestamp": "2026-07-10T12:12:54.538578+00:00", "level": "WARNING", "logger": "security", "message": "Security Event: Successful login for user analyst [SUCCESS]", "user": "analyst", "ip_address": "testclient", "event": "Successful login", "status": "SUCCESS"}
{"timestamp": "2026-07-10T12:12:54.565046+00:00", "level": "WARNING", "logger": "security", "message": "Security Event: Successful login for user analyst [SUCCESS]", "user": "analyst", "ip_address": "testclient", "event": "Successful login", "status": "SUCCESS"}
{"timestamp": "2026-07-10T12:12:54.600556+00:00", "level": "WARNING", "logger": "security", "message": "Security Event: Successful login for user analyst [SUCCESS]", "user": "analyst", "ip_address": "testclient", "event": "Successful login", "status": "SUCCESS"}
{"timestamp": "2026-07-10T12:15:56.062581+00:00", "level": "WARNING", "logger": "security", "message": "Security Event: Successful login for user analyst [SUCCESS]", "user": "analyst", "ip_address": "testclient", "event": "Successful login", "status": "SUCCESS"}
{"timestamp": "2026-07-10T12:15:56.078234+00:00", "level": "WARNING", "logger": "security", "message": "Security Event: Failed login attempt for user analyst [UNAUTHORIZED]", "user": "analyst", "ip_address": "testclient", "event": "Failed login attempt", "status": "UNAUTHORIZED"}
{"timestamp": "2026-07-10T12:15:56.098089+00:00", "level": "WARNING", "logger": "security", "message": "Security Event: Successful login for user analyst [SUCCESS]", "user": "analyst", "ip_address": "testclient", "event": "Successful login", "status": "SUCCESS"}
{"timestamp": "2026-07-10T12:15:56.102039+00:00", "level": "WARNING", "logger": "security", "message": "Security Event: Refreshed JWT tokens for user analyst [SUCCESS]", "user": "analyst", "ip_address": "testclient", "event": "Refreshed JWT tokens", "status": "SUCCESS"}
{"timestamp": "2026-07-10T12:15:56.131060+00:00", "level": "WARNING", "logger": "security", "message": "Security Event: Successful login for user user [SUCCESS]", "user": "user", "ip_address": "testclient", "event": "Successful login", "status": "SUCCESS"}
{"timestamp": "2026-07-10T12:15:56.150602+00:00", "level": "WARNING", "logger": "security", "message": "Security Event: Successful login for user analyst [SUCCESS]", "user": "analyst", "ip_address": "testclient", "event": "Successful login", "status": "SUCCESS"}
{"timestamp": "2026-07-10T12:15:56.172597+00:00", "level": "WARNING", "logger": "security", "message": "Security Event: Successful login for user analyst [SUCCESS]", "user": "analyst", "ip_address": "testclient", "event": "Successful login", "status": "SUCCESS"}
{"timestamp": "2026-07-10T12:15:56.200807+00:00", "level": "WARNING", "logger": "security", "message": "Security Event: Successful login for user analyst [SUCCESS]", "user": "analyst", "ip_address": "testclient", "event": "Successful login", "status": "SUCCESS"}
